Build started 2013-06-09 12:51:34.
     1>Project "D:\2 Studia\Interfejsy multimodalne\Projekt\Chessboard\Chessboard\Chessboard\Chessboard.vcxproj" on node 2 (Build target(s)).
     1>ClCompile:
         D:\Microsoft Visual Studio 2012 Professional\VC\bin\CL.exe /c /I"D:\2 Studia\Interfejsy multimodalne\Projekt\Chessboard\Chessboard\Chessboard\SFML\include" /I"D:\2 Studia\Interfejsy multimodalne\Projekt\Chessboard\Chessboard\Chessboard\SFML\include" /ZI /nologo /W3 /WX- /Od /Oy- /D SFML_STATIC /D _MBCS /D _MBCS /Gm /EHsc /RTC1 /MDd /GS /fp:precise /Zc:wchar_t /Zc:forScope /Fo"Debug\\" /Fd"Debug\vc110.pdb" /Gd /TP /analyze- /errorReport:prompt BoardDetection.cpp
         BoardDetection.cpp
     1>d:\2 studia\interfejsy multimodalne\projekt\chessboard\chessboard\chessboard\boarddetection.h(7): warning C4005: 'SFML_STATIC' : macro redefinition
                 command-line arguments :  see previous definition of 'SFML_STATIC'
     1>d:\2 studia\interfejsy multimodalne\projekt\chessboard\chessboard\chessboard\boarddetection.cpp(159): warning C4244: '=' : conversion from 'float' to 'int', possible loss of data
     1>d:\2 studia\interfejsy multimodalne\projekt\chessboard\chessboard\chessboard\boarddetection.cpp(160): warning C4244: '=' : conversion from 'float' to 'int', possible loss of data
     1>d:\2 studia\interfejsy multimodalne\projekt\chessboard\chessboard\chessboard\boarddetection.cpp(181): warning C4244: 'argument' : conversion from 'float' to 'int', possible loss of data
     1>d:\2 studia\interfejsy multimodalne\projekt\chessboard\chessboard\chessboard\boarddetection.cpp(218): warning C4244: 'initializing' : conversion from 'double' to 'float', possible loss of data
     1>d:\2 studia\interfejsy multimodalne\projekt\chessboard\chessboard\chessboard\boarddetection.cpp(219): warning C4244: 'initializing' : conversion from 'double' to 'float', possible loss of data
       Link:
         D:\Microsoft Visual Studio 2012 Professional\VC\bin\link.exe /ERRORREPORT:PROMPT /OUT:"D:\2 Studia\Interfejsy multimodalne\Projekt\Chessboard\Chessboard\Debug\Chessboard.exe" /INCREMENTAL /NOLOGO /LIBPATH:"D:\2 Studia\Interfejsy multimodalne\Projekt\Chessboard\Chessboard\Chessboard\SFML\lib" "sfml-graphics-s-d.lib" "sfml-window-s-d.lib" "sfml-system-s-d.lib" kernel32.lib user32.lib gdi32.lib winspool.lib comdlg32.lib advapi32.lib shell32.lib ole32.lib oleaut32.lib uuid.lib odbc32.lib odbccp32.lib kernel32.lib user32.lib gdi32.lib winspool.lib comdlg32.lib advapi32.lib shell32.lib ole32.lib oleaut32.lib uuid.lib odbc32.lib odbccp32.lib "sfml-graphics-s-d.lib" "sfml-window-s-d.lib" "sfml-system-s-d.lib" kernel32.lib user32.lib gdi32.lib winspool.lib comdlg32.lib advapi32.lib shell32.lib ole32.lib oleaut32.lib uuid.lib odbc32.lib odbccp32.lib kernel32.lib user32.lib gdi32.lib winspool.lib comdlg32.lib advapi32.lib shell32.lib ole32.lib oleaut32.lib uuid.lib odbc32.lib odbccp32.lib opencv_core245d.lib opencv_imgproc245d.lib opencv_highgui245d.lib opencv_ml245d.lib opencv_video245d.lib opencv_features2d245d.lib opencv_calib3d245d.lib opencv_objdetect245d.lib opencv_contrib245d.lib opencv_legacy245d.lib opencv_flann245d.lib /MANIFEST /MANIFESTUAC:"level='asInvoker' uiAccess='false'" /manifest:embed /DEBUG /PDB:"D:\2 Studia\Interfejsy multimodalne\Projekt\Chessboard\Chessboard\Debug\Chessboard.pdb" /TLBID:1 /DYNAMICBASE /NXCOMPAT /IMPLIB:"D:\2 Studia\Interfejsy multimodalne\Projekt\Chessboard\Chessboard\Debug\Chessboard.lib" /MACHINE:X86 Debug\Board.obj
         Debug\BoardDetection.obj
         Debug\Figure.obj
         Debug\FingerDetection.obj
         Debug\Main.obj
         Debug\TestMieszko.obj
         Debug\TestRafal.obj
         Debug\TestZbyszek.obj
     1>sfml-graphics-s-d.lib(Color.cpp.obj) : warning LNK4099: PDB 'sfml-graphics-s-d.pdb' was not found with 'sfml-graphics-s-d.lib(Color.cpp.obj)' or at 'D:\2 Studia\Interfejsy multimodalne\Projekt\Chessboard\Chessboard\Debug\sfml-graphics-s-d.pdb'; linking object as if no debug info
     1>sfml-graphics-s-d.lib(GLCheck.cpp.obj) : warning LNK4099: PDB 'sfml-graphics-s-d.pdb' was not found with 'sfml-graphics-s-d.lib(GLCheck.cpp.obj)' or at 'D:\2 Studia\Interfejsy multimodalne\Projekt\Chessboard\Chessboard\Debug\sfml-graphics-s-d.pdb'; linking object as if no debug info
     1>sfml-graphics-s-d.lib(Image.cpp.obj) : warning LNK4099: PDB 'sfml-graphics-s-d.pdb' was not found with 'sfml-graphics-s-d.lib(Image.cpp.obj)' or at 'D:\2 Studia\Interfejsy multimodalne\Projekt\Chessboard\Chessboard\Debug\sfml-graphics-s-d.pdb'; linking object as if no debug info
     1>sfml-graphics-s-d.lib(ImageLoader.cpp.obj) : warning LNK4099: PDB 'sfml-graphics-s-d.pdb' was not found with 'sfml-graphics-s-d.lib(ImageLoader.cpp.obj)' or at 'D:\2 Studia\Interfejsy multimodalne\Projekt\Chessboard\Chessboard\Debug\sfml-graphics-s-d.pdb'; linking object as if no debug info
     1>sfml-graphics-s-d.lib(RenderStates.cpp.obj) : warning LNK4099: PDB 'sfml-graphics-s-d.pdb' was not found with 'sfml-graphics-s-d.lib(RenderStates.cpp.obj)' or at 'D:\2 Studia\Interfejsy multimodalne\Projekt\Chessboard\Chessboard\Debug\sfml-graphics-s-d.pdb'; linking object as if no debug info
     1>sfml-graphics-s-d.lib(RenderTarget.cpp.obj) : warning LNK4099: PDB 'sfml-graphics-s-d.pdb' was not found with 'sfml-graphics-s-d.lib(RenderTarget.cpp.obj)' or at 'D:\2 Studia\Interfejsy multimodalne\Projekt\Chessboard\Chessboard\Debug\sfml-graphics-s-d.pdb'; linking object as if no debug info
     1>sfml-graphics-s-d.lib(RenderWindow.cpp.obj) : warning LNK4099: PDB 'sfml-graphics-s-d.pdb' was not found with 'sfml-graphics-s-d.lib(RenderWindow.cpp.obj)' or at 'D:\2 Studia\Interfejsy multimodalne\Projekt\Chessboard\Chessboard\Debug\sfml-graphics-s-d.pdb'; linking object as if no debug info
     1>sfml-graphics-s-d.lib(Shader.cpp.obj) : warning LNK4099: PDB 'sfml-graphics-s-d.pdb' was not found with 'sfml-graphics-s-d.lib(Shader.cpp.obj)' or at 'D:\2 Studia\Interfejsy multimodalne\Projekt\Chessboard\Chessboard\Debug\sfml-graphics-s-d.pdb'; linking object as if no debug info
     1>sfml-graphics-s-d.lib(Texture.cpp.obj) : warning LNK4099: PDB 'sfml-graphics-s-d.pdb' was not found with 'sfml-graphics-s-d.lib(Texture.cpp.obj)' or at 'D:\2 Studia\Interfejsy multimodalne\Projekt\Chessboard\Chessboard\Debug\sfml-graphics-s-d.pdb'; linking object as if no debug info
     1>sfml-graphics-s-d.lib(TextureSaver.cpp.obj) : warning LNK4099: PDB 'sfml-graphics-s-d.pdb' was not found with 'sfml-graphics-s-d.lib(TextureSaver.cpp.obj)' or at 'D:\2 Studia\Interfejsy multimodalne\Projekt\Chessboard\Chessboard\Debug\sfml-graphics-s-d.pdb'; linking object as if no debug info
     1>sfml-graphics-s-d.lib(Transform.cpp.obj) : warning LNK4099: PDB 'sfml-graphics-s-d.pdb' was not found with 'sfml-graphics-s-d.lib(Transform.cpp.obj)' or at 'D:\2 Studia\Interfejsy multimodalne\Projekt\Chessboard\Chessboard\Debug\sfml-graphics-s-d.pdb'; linking object as if no debug info
     1>sfml-graphics-s-d.lib(Transformable.cpp.obj) : warning LNK4099: PDB 'sfml-graphics-s-d.pdb' was not found with 'sfml-graphics-s-d.lib(Transformable.cpp.obj)' or at 'D:\2 Studia\Interfejsy multimodalne\Projekt\Chessboard\Chessboard\Debug\sfml-graphics-s-d.pdb'; linking object as if no debug info
     1>sfml-graphics-s-d.lib(View.cpp.obj) : warning LNK4099: PDB 'sfml-graphics-s-d.pdb' was not found with 'sfml-graphics-s-d.lib(View.cpp.obj)' or at 'D:\2 Studia\Interfejsy multimodalne\Projekt\Chessboard\Chessboard\Debug\sfml-graphics-s-d.pdb'; linking object as if no debug info
     1>sfml-graphics-s-d.lib(Vertex.cpp.obj) : warning LNK4099: PDB 'sfml-graphics-s-d.pdb' was not found with 'sfml-graphics-s-d.lib(Vertex.cpp.obj)' or at 'D:\2 Studia\Interfejsy multimodalne\Projekt\Chessboard\Chessboard\Debug\sfml-graphics-s-d.pdb'; linking object as if no debug info
     1>sfml-graphics-s-d.lib(Shape.cpp.obj) : warning LNK4099: PDB 'sfml-graphics-s-d.pdb' was not found with 'sfml-graphics-s-d.lib(Shape.cpp.obj)' or at 'D:\2 Studia\Interfejsy multimodalne\Projekt\Chessboard\Chessboard\Debug\sfml-graphics-s-d.pdb'; linking object as if no debug info
     1>sfml-graphics-s-d.lib(CircleShape.cpp.obj) : warning LNK4099: PDB 'sfml-graphics-s-d.pdb' was not found with 'sfml-graphics-s-d.lib(CircleShape.cpp.obj)' or at 'D:\2 Studia\Interfejsy multimodalne\Projekt\Chessboard\Chessboard\Debug\sfml-graphics-s-d.pdb'; linking object as if no debug info
     1>sfml-graphics-s-d.lib(Sprite.cpp.obj) : warning LNK4099: PDB 'sfml-graphics-s-d.pdb' was not found with 'sfml-graphics-s-d.lib(Sprite.cpp.obj)' or at 'D:\2 Studia\Interfejsy multimodalne\Projekt\Chessboard\Chessboard\Debug\sfml-graphics-s-d.pdb'; linking object as if no debug info
     1>sfml-graphics-s-d.lib(VertexArray.cpp.obj) : warning LNK4099: PDB 'sfml-graphics-s-d.pdb' was not found with 'sfml-graphics-s-d.lib(VertexArray.cpp.obj)' or at 'D:\2 Studia\Interfejsy multimodalne\Projekt\Chessboard\Chessboard\Debug\sfml-graphics-s-d.pdb'; linking object as if no debug info
     1>sfml-window-s-d.lib(GlContext.cpp.obj) : warning LNK4099: PDB 'sfml-window-s-d.pdb' was not found with 'sfml-window-s-d.lib(GlContext.cpp.obj)' or at 'D:\2 Studia\Interfejsy multimodalne\Projekt\Chessboard\Chessboard\Debug\sfml-window-s-d.pdb'; linking object as if no debug info
     1>sfml-window-s-d.lib(GlResource.cpp.obj) : warning LNK4099: PDB 'sfml-window-s-d.pdb' was not found with 'sfml-window-s-d.lib(GlResource.cpp.obj)' or at 'D:\2 Studia\Interfejsy multimodalne\Projekt\Chessboard\Chessboard\Debug\sfml-window-s-d.pdb'; linking object as if no debug info
     1>sfml-window-s-d.lib(JoystickManager.cpp.obj) : warning LNK4099: PDB 'sfml-window-s-d.pdb' was not found with 'sfml-window-s-d.lib(JoystickManager.cpp.obj)' or at 'D:\2 Studia\Interfejsy multimodalne\Projekt\Chessboard\Chessboard\Debug\sfml-window-s-d.pdb'; linking object as if no debug info
     1>sfml-window-s-d.lib(VideoMode.cpp.obj) : warning LNK4099: PDB 'sfml-window-s-d.pdb' was not found with 'sfml-window-s-d.lib(VideoMode.cpp.obj)' or at 'D:\2 Studia\Interfejsy multimodalne\Projekt\Chessboard\Chessboard\Debug\sfml-window-s-d.pdb'; linking object as if no debug info
     1>sfml-window-s-d.lib(Window.cpp.obj) : warning LNK4099: PDB 'sfml-window-s-d.pdb' was not found with 'sfml-window-s-d.lib(Window.cpp.obj)' or at 'D:\2 Studia\Interfejsy multimodalne\Projekt\Chessboard\Chessboard\Debug\sfml-window-s-d.pdb'; linking object as if no debug info
     1>sfml-window-s-d.lib(WindowImpl.cpp.obj) : warning LNK4099: PDB 'sfml-window-s-d.pdb' was not found with 'sfml-window-s-d.lib(WindowImpl.cpp.obj)' or at 'D:\2 Studia\Interfejsy multimodalne\Projekt\Chessboard\Chessboard\Debug\sfml-window-s-d.pdb'; linking object as if no debug info
     1>sfml-window-s-d.lib(WglContext.cpp.obj) : warning LNK4099: PDB 'sfml-window-s-d.pdb' was not found with 'sfml-window-s-d.lib(WglContext.cpp.obj)' or at 'D:\2 Studia\Interfejsy multimodalne\Projekt\Chessboard\Chessboard\Debug\sfml-window-s-d.pdb'; linking object as if no debug info
     1>sfml-window-s-d.lib(JoystickImpl.cpp.obj) : warning LNK4099: PDB 'sfml-window-s-d.pdb' was not found with 'sfml-window-s-d.lib(JoystickImpl.cpp.obj)' or at 'D:\2 Studia\Interfejsy multimodalne\Projekt\Chessboard\Chessboard\Debug\sfml-window-s-d.pdb'; linking object as if no debug info
     1>sfml-window-s-d.lib(VideoModeImpl.cpp.obj) : warning LNK4099: PDB 'sfml-window-s-d.pdb' was not found with 'sfml-window-s-d.lib(VideoModeImpl.cpp.obj)' or at 'D:\2 Studia\Interfejsy multimodalne\Projekt\Chessboard\Chessboard\Debug\sfml-window-s-d.pdb'; linking object as if no debug info
     1>sfml-window-s-d.lib(WindowImplWin32.cpp.obj) : warning LNK4099: PDB 'sfml-window-s-d.pdb' was not found with 'sfml-window-s-d.lib(WindowImplWin32.cpp.obj)' or at 'D:\2 Studia\Interfejsy multimodalne\Projekt\Chessboard\Chessboard\Debug\sfml-window-s-d.pdb'; linking object as if no debug info
     1>sfml-system-s-d.lib(Clock.cpp.obj) : warning LNK4099: PDB 'sfml-system-s-d.pdb' was not found with 'sfml-system-s-d.lib(Clock.cpp.obj)' or at 'D:\2 Studia\Interfejsy multimodalne\Projekt\Chessboard\Chessboard\Debug\sfml-system-s-d.pdb'; linking object as if no debug info
     1>sfml-system-s-d.lib(Err.cpp.obj) : warning LNK4099: PDB 'sfml-system-s-d.pdb' was not found with 'sfml-system-s-d.lib(Err.cpp.obj)' or at 'D:\2 Studia\Interfejsy multimodalne\Projekt\Chessboard\Chessboard\Debug\sfml-system-s-d.pdb'; linking object as if no debug info
     1>sfml-system-s-d.lib(Lock.cpp.obj) : warning LNK4099: PDB 'sfml-system-s-d.pdb' was not found with 'sfml-system-s-d.lib(Lock.cpp.obj)' or at 'D:\2 Studia\Interfejsy multimodalne\Projekt\Chessboard\Chessboard\Debug\sfml-system-s-d.pdb'; linking object as if no debug info
     1>sfml-system-s-d.lib(Mutex.cpp.obj) : warning LNK4099: PDB 'sfml-system-s-d.pdb' was not found with 'sfml-system-s-d.lib(Mutex.cpp.obj)' or at 'D:\2 Studia\Interfejsy multimodalne\Projekt\Chessboard\Chessboard\Debug\sfml-system-s-d.pdb'; linking object as if no debug info
     1>sfml-system-s-d.lib(Sleep.cpp.obj) : warning LNK4099: PDB 'sfml-system-s-d.pdb' was not found with 'sfml-system-s-d.lib(Sleep.cpp.obj)' or at 'D:\2 Studia\Interfejsy multimodalne\Projekt\Chessboard\Chessboard\Debug\sfml-system-s-d.pdb'; linking object as if no debug info
     1>sfml-system-s-d.lib(String.cpp.obj) : warning LNK4099: PDB 'sfml-system-s-d.pdb' was not found with 'sfml-system-s-d.lib(String.cpp.obj)' or at 'D:\2 Studia\Interfejsy multimodalne\Projekt\Chessboard\Chessboard\Debug\sfml-system-s-d.pdb'; linking object as if no debug info
     1>sfml-system-s-d.lib(ThreadLocal.cpp.obj) : warning LNK4099: PDB 'sfml-system-s-d.pdb' was not found with 'sfml-system-s-d.lib(ThreadLocal.cpp.obj)' or at 'D:\2 Studia\Interfejsy multimodalne\Projekt\Chessboard\Chessboard\Debug\sfml-system-s-d.pdb'; linking object as if no debug info
     1>sfml-system-s-d.lib(Time.cpp.obj) : warning LNK4099: PDB 'sfml-system-s-d.pdb' was not found with 'sfml-system-s-d.lib(Time.cpp.obj)' or at 'D:\2 Studia\Interfejsy multimodalne\Projekt\Chessboard\Chessboard\Debug\sfml-system-s-d.pdb'; linking object as if no debug info
     1>sfml-system-s-d.lib(ClockImpl.cpp.obj) : warning LNK4099: PDB 'sfml-system-s-d.pdb' was not found with 'sfml-system-s-d.lib(ClockImpl.cpp.obj)' or at 'D:\2 Studia\Interfejsy multimodalne\Projekt\Chessboard\Chessboard\Debug\sfml-system-s-d.pdb'; linking object as if no debug info
     1>sfml-system-s-d.lib(MutexImpl.cpp.obj) : warning LNK4099: PDB 'sfml-system-s-d.pdb' was not found with 'sfml-system-s-d.lib(MutexImpl.cpp.obj)' or at 'D:\2 Studia\Interfejsy multimodalne\Projekt\Chessboard\Chessboard\Debug\sfml-system-s-d.pdb'; linking object as if no debug info
     1>sfml-system-s-d.lib(SleepImpl.cpp.obj) : warning LNK4099: PDB 'sfml-system-s-d.pdb' was not found with 'sfml-system-s-d.lib(SleepImpl.cpp.obj)' or at 'D:\2 Studia\Interfejsy multimodalne\Projekt\Chessboard\Chessboard\Debug\sfml-system-s-d.pdb'; linking object as if no debug info
     1>sfml-system-s-d.lib(ThreadLocalImpl.cpp.obj) : warning LNK4099: PDB 'sfml-system-s-d.pdb' was not found with 'sfml-system-s-d.lib(ThreadLocalImpl.cpp.obj)' or at 'D:\2 Studia\Interfejsy multimodalne\Projekt\Chessboard\Chessboard\Debug\sfml-system-s-d.pdb'; linking object as if no debug info
         Chessboard.vcxproj -> D:\2 Studia\Interfejsy multimodalne\Projekt\Chessboard\Chessboard\Debug\Chessboard.exe
     1>Done Building Project "D:\2 Studia\Interfejsy multimodalne\Projekt\Chessboard\Chessboard\Chessboard\Chessboard.vcxproj" (Build target(s)).

Build succeeded.

Time Elapsed 00:00:04.61
